<?xml version="1.0" encoding="UTF-8"?>
<testsuite xmlns:xsi="http://www.w3.org/2001/XMLSchema-instance" xsi:noNamespaceSchemaLocation="https://maven.apache.org/surefire/maven-surefire-plugin/xsd/surefire-test-report-3.0.xsd" version="3.0" name="com.example.testapp.AppTest" time="0.089" tests="16" errors="0" skipped="0" failures="0">
  <properties>
[...]
</properties>
  <testcase name="shouldMoveSouthAndReachTheDestination" classname="com.example.testapp.AppTest" time="0.04"/>
  <testcase name="shouldMoveEastAndNotReachTheDestination" classname="com.example.testapp.AppTest" time="0.0"/>
  <testcase name="shouldMoveSouthwestAndNotReachTheDestination" classname="com.example.testapp.AppTest" time="0.0"/>
  <testcase name="shouldMoveEastAndReachTheDestination" classname="com.example.testapp.AppTest" time="0.0"/>
  <testcase name="shouldMoveNorthwestAndNotReachTheDestination" classname="com.example.testapp.AppTest" time="0.0"/>
  <testcase name="shouldMoveNorthAndReachTheDestination" classname="com.example.testapp.AppTest" time="0.0"/>
  <testcase name="shouldMoveWestAndReachTheDestination" classname="com.example.testapp.AppTest" time="0.0"/>
  <testcase name="shouldMoveSoutheastAndReachTheDestination" classname="com.example.testapp.AppTest" time="0.0"/>
  <testcase name="shouldMoveSoutheastAndNotReachTheDestination" classname="com.example.testapp.AppTest" time="0.0"/>
  <testcase name="shouldMoveNortheastAndReachTheDestination" classname="com.example.testapp.AppTest" time="0.0"/>
  <testcase name="shouldMoveSouthAndNotReachTheDestination" classname="com.example.testapp.AppTest" time="0.0"/>
  <testcase name="shouldMoveSouthwestAndReachTheDestination" classname="com.example.testapp.AppTest" time="0.0"/>
  <testcase name="shouldMoveNortheastAndNotReachTheDestination" classname="com.example.testapp.AppTest" time="0.0"/>
  <testcase name="shouldMoveNorthwestAndReachTheDestination" classname="com.example.testapp.AppTest" time="0.0"/>
  <testcase name="shouldMoveWestAndNotReachTheDestination" classname="com.example.testapp.AppTest" time="0.0"/>
  <testcase name="shouldMoveNorthAndNotReachTheDestination" classname="com.example.testapp.AppTest" time="0.0"/>
</testsuite>